<?xml version="1.0" encoding="UTF-8"?>
<TestRun id="3baa751b-9b11-4bfc-8425-bb4dae52e2fa" name="Tony@TONY-XPS 2011-03-20 16:23:31" runUser="TONY-XPS\Tony" xmlns="http://microsoft.com/schemas/VisualStudio/TeamTest/2010">
  <TestSettings name="Local" id="e129f8f6-f1d7-4c1a-a38e-6e2e988977cb">
    <Description>These are default test settings for a local test run.</Description>
    <Deployment enabled="false" runDeploymentRoot="Tony_TONY-XPS 2011-03-20 16_23_31">
      <DeploymentItem filename="C:\Projects\SimpleMvvmToolkit\Download\SimpleMvvmToolkit\Toolkit\Helpers\Project\WPF\SimpleMvvmToolkit-WPF\bin\Release\SimpleMvvmToolkit-WPF.dll" />
    </Deployment>
    <Execution>
      <TestTypeSpecific />
      <AgentRule name="Execution Agents">
      </AgentRule>
    </Execution>
  </TestSettings>
  <Times creation="2011-03-20T16:23:31.8111133-05:00" queuing="2011-03-20T16:23:35.2233085-05:00" start="2011-03-20T16:23:35.5533274-05:00" finish="2011-03-20T16:23:36.6133880-05:00" />
  <ResultSummary outcome="Completed">
    <Counters total="1" executed="1" passed="1" error="0" failed="0" timeout="0" aborted="0" inconclusive="0" passedButRunAborted="0" notRunnable="0" notExecuted="0" disconnected="0" warning="0" completed="0" inProgress="0" pending="0" />
  </ResultSummary>
  <TestDefinitions>
    <UnitTest name="TestSimpleMessage" storage="c:\projects\simplemvvmtoolkit\download\simplemvvmtoolkit\toolkit\helpers\project\wpf\simplemvvmtoolkittest-wpf\bin\release\simplemvvmtoolkittest.dll" id="1c488b03-c9f6-ea7b-5177-3462cab4f7dc">
      <Execution id="cfb94fc4-e4d6-4f47-aaa5-eff6056f4eac" />
      <TestMethod codeBase="C:/Projects/SimpleMvvmToolkit/Download/SimpleMvvmToolkit/Toolkit/Helpers/Project/WPF/SimpleMvvmToolkitTest-WPF/bin/Release/SimpleMvvmToolkitTest.DLL" adapterTypeName="Microsoft.VisualStudio.TestTools.TestTypes.Unit.UnitTestAdapter, Microsoft.VisualStudio.QualityTools.Tips.UnitTest.Adapter, Version=10.0.0.0, Culture=neutral, PublicKeyToken=b03f5f7f11d50a3a" className="SimpleMvvmToolkitTest.MessagingTests, SimpleMvvmToolkitTest, Version=1.0.0.0, Culture=neutral, PublicKeyToken=null" name="TestSimpleMessage" />
    </UnitTest>
  </TestDefinitions>
  <TestLists>
    <TestList name="Results Not in a List" id="8c84fa94-04c1-424b-9868-57a2d4851a1d" />
    <TestList name="All Loaded Results" id="19431567-8539-422a-85d7-44ee4e166bda" />
  </TestLists>
  <TestEntries>
    <TestEntry testId="1c488b03-c9f6-ea7b-5177-3462cab4f7dc" executionId="cfb94fc4-e4d6-4f47-aaa5-eff6056f4eac" testListId="8c84fa94-04c1-424b-9868-57a2d4851a1d" />
  </TestEntries>
  <Results>
    <UnitTestResult executionId="cfb94fc4-e4d6-4f47-aaa5-eff6056f4eac" testId="1c488b03-c9f6-ea7b-5177-3462cab4f7dc" testName="TestSimpleMessage" computerName="TONY-XPS" duration="00:00:00.0325021" startTime="2011-03-20T16:23:35.7533388-05:00" endTime="2011-03-20T16:23:36.5823862-05:00" testType="13cdc9d9-ddb5-4fa4-a97d-d965ccfc6d4b" outcome="Passed" testListId="8c84fa94-04c1-424b-9868-57a2d4851a1d" relativeResultsDirectory="cfb94fc4-e4d6-4f47-aaa5-eff6056f4eac">
    </UnitTestResult>
  </Results>
</TestRun>